{"C:\\Users\\Aresan\\Desktop\\ING_SOFT_2\\GestioneBar\\lib\\app.js": {"path":"C:\\Users\\Aresan\\Desktop\\ING_SOFT_2\\GestioneBar\\lib\\app.js","statementMap":{"0":{"start":{"line":1,"column":16},"end":{"line":1,"column":34}},"1":{"start":{"line":2,"column":12},"end":{"line":2,"column":21}},"2":{"start":{"line":3,"column":9},"end":{"line":3,"column":27}},"3":{"start":{"line":4,"column":10},"end":{"line":4,"column":33}},"4":{"start":{"line":6,"column":0},"end":{"line":6,"column":24}},"5":{"start":{"line":7,"column":0},"end":{"line":7,"column":30}},"6":{"start":{"line":10,"column":0},"end":{"line":10,"column":39}},"7":{"start":{"line":13,"column":12},"end":{"line":13,"column":33}},"8":{"start":{"line":14,"column":19},"end":{"line":14,"column":47}},"9":{"start":{"line":15,"column":16},"end":{"line":15,"column":37}},"10":{"start":{"line":16,"column":14},"end":{"line":16,"column":35}},"11":{"start":{"line":19,"column":0},"end":{"line":19,"column":19}},"12":{"start":{"line":20,"column":0},"end":{"line":20,"column":25}},"13":{"start":{"line":22,"column":0},"end":{"line":22,"column":34}},"14":{"start":{"line":23,"column":0},"end":{"line":23,"column":32}},"15":{"start":{"line":25,"column":0},"end":{"line":50,"column":3}},"16":{"start":{"line":27,"column":4},"end":{"line":29,"column":5}},"17":{"start":{"line":28,"column":8},"end":{"line":28,"column":97}},"18":{"start":{"line":30,"column":4},"end":{"line":47,"column":5}},"19":{"start":{"line":31,"column":8},"end":{"line":31,"column":37}},"20":{"start":{"line":32,"column":8},"end":{"line":43,"column":11}},"21":{"start":{"line":33,"column":12},"end":{"line":35,"column":13}},"22":{"start":{"line":34,"column":16},"end":{"line":34,"column":63}},"23":{"start":{"line":36,"column":12},"end":{"line":36,"column":24}},"24":{"start":{"line":39,"column":12},"end":{"line":42,"column":14}},"25":{"start":{"line":46,"column":8},"end":{"line":46,"column":25}},"26":{"start":{"line":49,"column":4},"end":{"line":49,"column":32}},"27":{"start":{"line":53,"column":0},"end":{"line":56,"column":3}},"28":{"start":{"line":54,"column":4},"end":{"line":54,"column":20}},"29":{"start":{"line":55,"column":4},"end":{"line":55,"column":37}},"30":{"start":{"line":58,"column":0},"end":{"line":58,"column":21}}},"fnMap":{"0":{"name":"(anonymous_0)","decl":{"start":{"line":25,"column":29},"end":{"line":25,"column":30}},"loc":{"start":{"line":25,"column":52},"end":{"line":50,"column":1}},"line":25},"1":{"name":"(anonymous_1)","decl":{"start":{"line":32,"column":27},"end":{"line":32,"column":28}},"loc":{"start":{"line":32,"column":40},"end":{"line":37,"column":9}},"line":32},"2":{"name":"(anonymous_2)","decl":{"start":{"line":38,"column":13},"end":{"line":38,"column":14}},"loc":{"start":{"line":38,"column":24},"end":{"line":43,"column":9}},"line":38},"3":{"name":"(anonymous_3)","decl":{"start":{"line":53,"column":8},"end":{"line":53,"column":9}},"loc":{"start":{"line":53,"column":22},"end":{"line":56,"column":1}},"line":53}},"branchMap":{"0":{"loc":{"start":{"line":27,"column":4},"end":{"line":29,"column":5}},"type":"if","locations":[{"start":{"line":27,"column":4},"end":{"line":29,"column":5}},{"start":{"line":27,"column":4},"end":{"line":29,"column":5}}],"line":27},"1":{"loc":{"start":{"line":27,"column":7},"end":{"line":27,"column":113}},"type":"binary-expr","locations":[{"start":{"line":27,"column":7},"end":{"line":27,"column":39}},{"start":{"line":27,"column":43},"end":{"line":27,"column":75}},{"start":{"line":27,"column":79},"end":{"line":27,"column":113}}],"line":27},"2":{"loc":{"start":{"line":33,"column":12},"end":{"line":35,"column":13}},"type":"if","locations":[{"start":{"line":33,"column":12},"end":{"line":35,"column":13}},{"start":{"line":33,"column":12},"end":{"line":35,"column":13}}],"line":33}},"s":{"0":3,"1":3,"2":3,"3":3,"4":3,"5":3,"6":3,"7":3,"8":3,"9":3,"10":3,"11":3,"12":3,"13":3,"14":3,"15":3,"16":0,"17":0,"18":0,"19":0,"20":0,"21":0,"22":0,"23":0,"24":0,"25":0,"26":0,"27":3,"28":0,"29":0,"30":3},"f":{"0":0,"1":0,"2":0,"3":0},"b":{"0":[0,0],"1":[0,0,0],"2":[0,0]},"_coverageSchema":"1a1c01bbd47fc00a2c39e90264f33305004495a9","hash":"88170ac6d5bd564e8a8d58d73fcb70b2ed598691"}
,"C:\\Users\\Aresan\\Desktop\\ING_SOFT_2\\GestioneBar\\lib\\birre.js": {"path":"C:\\Users\\Aresan\\Desktop\\ING_SOFT_2\\GestioneBar\\lib\\birre.js","statementMap":{"0":{"start":{"line":1,"column":14},"end":{"line":1,"column":32}},"1":{"start":{"line":2,"column":13},"end":{"line":2,"column":29}},"2":{"start":{"line":3,"column":9},"end":{"line":3,"column":27}},"3":{"start":{"line":5,"column":0},"end":{"line":27,"column":3}},"4":{"start":{"line":7,"column":4},"end":{"line":24,"column":5}},"5":{"start":{"line":8,"column":8},"end":{"line":8,"column":34}},"6":{"start":{"line":9,"column":8},"end":{"line":20,"column":10}},"7":{"start":{"line":10,"column":12},"end":{"line":12,"column":13}},"8":{"start":{"line":11,"column":16},"end":{"line":11,"column":49}},"9":{"start":{"line":13,"column":12},"end":{"line":13,"column":24}},"10":{"start":{"line":16,"column":12},"end":{"line":19,"column":13}},"11":{"start":{"line":26,"column":4},"end":{"line":26,"column":31}},"12":{"start":{"line":29,"column":0},"end":{"line":39,"column":3}},"13":{"start":{"line":31,"column":4},"end":{"line":36,"column":5}},"14":{"start":{"line":32,"column":8},"end":{"line":32,"column":35}},"15":{"start":{"line":35,"column":8},"end":{"line":35,"column":25}},"16":{"start":{"line":38,"column":4},"end":{"line":38,"column":32}},"17":{"start":{"line":41,"column":0},"end":{"line":63,"column":3}},"18":{"start":{"line":42,"column":15},"end":{"line":55,"column":5}},"19":{"start":{"line":56,"column":4},"end":{"line":59,"column":5}},"20":{"start":{"line":57,"column":8},"end":{"line":57,"column":91}},"21":{"start":{"line":58,"column":8},"end":{"line":58,"column":15}},"22":{"start":{"line":60,"column":17},"end":{"line":60,"column":44}},"23":{"start":{"line":62,"column":4},"end":{"line":62,"column":63}},"24":{"start":{"line":65,"column":0},"end":{"line":87,"column":3}},"25":{"start":{"line":66,"column":15},"end":{"line":80,"column":5}},"26":{"start":{"line":81,"column":14},"end":{"line":81,"column":41}},"27":{"start":{"line":82,"column":4},"end":{"line":86,"column":5}},"28":{"start":{"line":83,"column":8},"end":{"line":83,"column":57}},"29":{"start":{"line":85,"column":8},"end":{"line":85,"column":31}},"30":{"start":{"line":89,"column":0},"end":{"line":97,"column":2}},"31":{"start":{"line":91,"column":4},"end":{"line":91,"column":48}},"32":{"start":{"line":92,"column":4},"end":{"line":96,"column":5}},"33":{"start":{"line":93,"column":8},"end":{"line":93,"column":57}},"34":{"start":{"line":95,"column":8},"end":{"line":95,"column":31}},"35":{"start":{"line":101,"column":0},"end":{"line":130,"column":3}},"36":{"start":{"line":103,"column":4},"end":{"line":103,"column":30}},"37":{"start":{"line":104,"column":4},"end":{"line":124,"column":6}},"38":{"start":{"line":105,"column":8},"end":{"line":107,"column":9}},"39":{"start":{"line":106,"column":12},"end":{"line":106,"column":49}},"40":{"start":{"line":108,"column":8},"end":{"line":108,"column":20}},"41":{"start":{"line":111,"column":8},"end":{"line":123,"column":9}},"42":{"start":{"line":125,"column":4},"end":{"line":129,"column":5}},"43":{"start":{"line":126,"column":8},"end":{"line":126,"column":57}},"44":{"start":{"line":128,"column":8},"end":{"line":128,"column":35}},"45":{"start":{"line":132,"column":0},"end":{"line":146,"column":3}},"46":{"start":{"line":134,"column":4},"end":{"line":134,"column":46}},"47":{"start":{"line":135,"column":4},"end":{"line":140,"column":6}},"48":{"start":{"line":136,"column":8},"end":{"line":139,"column":9}},"49":{"start":{"line":141,"column":4},"end":{"line":145,"column":5}},"50":{"start":{"line":142,"column":8},"end":{"line":142,"column":57}},"51":{"start":{"line":144,"column":8},"end":{"line":144,"column":35}},"52":{"start":{"line":148,"column":0},"end":{"line":148,"column":24}}},"fnMap":{"0":{"name":"(anonymous_0)","decl":{"start":{"line":5,"column":19},"end":{"line":5,"column":20}},"loc":{"start":{"line":5,"column":39},"end":{"line":27,"column":1}},"line":5},"1":{"name":"(anonymous_1)","decl":{"start":{"line":9,"column":25},"end":{"line":9,"column":26}},"loc":{"start":{"line":9,"column":36},"end":{"line":14,"column":9}},"line":9},"2":{"name":"(anonymous_2)","decl":{"start":{"line":15,"column":13},"end":{"line":15,"column":14}},"loc":{"start":{"line":15,"column":22},"end":{"line":20,"column":9}},"line":15},"3":{"name":"(anonymous_3)","decl":{"start":{"line":29,"column":15},"end":{"line":29,"column":16}},"loc":{"start":{"line":29,"column":35},"end":{"line":39,"column":1}},"line":29},"4":{"name":"(anonymous_4)","decl":{"start":{"line":41,"column":16},"end":{"line":41,"column":17}},"loc":{"start":{"line":41,"column":36},"end":{"line":63,"column":1}},"line":41},"5":{"name":"(anonymous_5)","decl":{"start":{"line":65,"column":15},"end":{"line":65,"column":16}},"loc":{"start":{"line":65,"column":32},"end":{"line":87,"column":1}},"line":65},"6":{"name":"(anonymous_6)","decl":{"start":{"line":89,"column":22},"end":{"line":89,"column":23}},"loc":{"start":{"line":89,"column":38},"end":{"line":97,"column":1}},"line":89},"7":{"name":"(anonymous_7)","decl":{"start":{"line":101,"column":26},"end":{"line":101,"column":27}},"loc":{"start":{"line":101,"column":46},"end":{"line":130,"column":1}},"line":101},"8":{"name":"(anonymous_8)","decl":{"start":{"line":104,"column":21},"end":{"line":104,"column":22}},"loc":{"start":{"line":104,"column":32},"end":{"line":109,"column":5}},"line":104},"9":{"name":"(anonymous_9)","decl":{"start":{"line":110,"column":9},"end":{"line":110,"column":10}},"loc":{"start":{"line":110,"column":18},"end":{"line":124,"column":5}},"line":110},"10":{"name":"(anonymous_10)","decl":{"start":{"line":132,"column":39},"end":{"line":132,"column":40}},"loc":{"start":{"line":132,"column":59},"end":{"line":146,"column":1}},"line":132},"11":{"name":"(anonymous_11)","decl":{"start":{"line":135,"column":13},"end":{"line":135,"column":14}},"loc":{"start":{"line":135,"column":22},"end":{"line":140,"column":5}},"line":135}},"branchMap":{"0":{"loc":{"start":{"line":10,"column":12},"end":{"line":12,"column":13}},"type":"if","locations":[{"start":{"line":10,"column":12},"end":{"line":12,"column":13}},{"start":{"line":10,"column":12},"end":{"line":12,"column":13}}],"line":10},"1":{"loc":{"start":{"line":56,"column":4},"end":{"line":59,"column":5}},"type":"if","locations":[{"start":{"line":56,"column":4},"end":{"line":59,"column":5}},{"start":{"line":56,"column":4},"end":{"line":59,"column":5}}],"line":56},"2":{"loc":{"start":{"line":82,"column":4},"end":{"line":86,"column":5}},"type":"if","locations":[{"start":{"line":82,"column":4},"end":{"line":86,"column":5}},{"start":{"line":82,"column":4},"end":{"line":86,"column":5}}],"line":82},"3":{"loc":{"start":{"line":92,"column":4},"end":{"line":96,"column":5}},"type":"if","locations":[{"start":{"line":92,"column":4},"end":{"line":96,"column":5}},{"start":{"line":92,"column":4},"end":{"line":96,"column":5}}],"line":92},"4":{"loc":{"start":{"line":105,"column":8},"end":{"line":107,"column":9}},"type":"if","locations":[{"start":{"line":105,"column":8},"end":{"line":107,"column":9}},{"start":{"line":105,"column":8},"end":{"line":107,"column":9}}],"line":105},"5":{"loc":{"start":{"line":125,"column":4},"end":{"line":129,"column":5}},"type":"if","locations":[{"start":{"line":125,"column":4},"end":{"line":129,"column":5}},{"start":{"line":125,"column":4},"end":{"line":129,"column":5}}],"line":125},"6":{"loc":{"start":{"line":141,"column":4},"end":{"line":145,"column":5}},"type":"if","locations":[{"start":{"line":141,"column":4},"end":{"line":145,"column":5}},{"start":{"line":141,"column":4},"end":{"line":145,"column":5}}],"line":141}},"s":{"0":3,"1":3,"2":3,"3":3,"4":0,"5":0,"6":0,"7":0,"8":0,"9":0,"10":0,"11":0,"12":3,"13":1,"14":1,"15":0,"16":1,"17":3,"18":1,"19":1,"20":0,"21":0,"22":1,"23":1,"24":3,"25":1,"26":1,"27":1,"28":0,"29":1,"30":3,"31":0,"32":0,"33":0,"34":0,"35":3,"36":1,"37":1,"38":8,"39":8,"40":0,"41":1,"42":1,"43":0,"44":1,"45":3,"46":1,"47":1,"48":2,"49":1,"50":0,"51":1,"52":3},"f":{"0":0,"1":0,"2":0,"3":1,"4":1,"5":1,"6":0,"7":1,"8":8,"9":1,"10":1,"11":2},"b":{"0":[0,0],"1":[0,1],"2":[0,1],"3":[0,0],"4":[8,0],"5":[0,1],"6":[0,1]},"_coverageSchema":"1a1c01bbd47fc00a2c39e90264f33305004495a9","hash":"ef9742974959912c5b0ebc433bac76d16bae2f72"}
,"C:\\Users\\Aresan\\Desktop\\ING_SOFT_2\\GestioneBar\\lib\\db.js": {"path":"C:\\Users\\Aresan\\Desktop\\ING_SOFT_2\\GestioneBar\\lib\\db.js","statementMap":{"0":{"start":{"line":2,"column":17},"end":{"line":2,"column":39}},"1":{"start":{"line":3,"column":15},"end":{"line":3,"column":33}},"2":{"start":{"line":4,"column":17},"end":{"line":4,"column":36}},"3":{"start":{"line":6,"column":12},"end":{"line":6,"column":120}},"4":{"start":{"line":8,"column":23},"end":{"line":12,"column":1}},"5":{"start":{"line":13,"column":0},"end":{"line":19,"column":6}},"6":{"start":{"line":15,"column":8},"end":{"line":15,"column":45}},"7":{"start":{"line":18,"column":8},"end":{"line":18,"column":68}},"8":{"start":{"line":21,"column":11},"end":{"line":21,"column":30}},"9":{"start":{"line":24,"column":16},"end":{"line":26,"column":1}},"10":{"start":{"line":28,"column":14},"end":{"line":90,"column":1}},"11":{"start":{"line":31,"column":8},"end":{"line":35,"column":9}},"12":{"start":{"line":32,"column":12},"end":{"line":32,"column":85}},"13":{"start":{"line":34,"column":12},"end":{"line":34,"column":29}},"14":{"start":{"line":36,"column":8},"end":{"line":36,"column":32}},"15":{"start":{"line":39,"column":8},"end":{"line":39,"column":14}},"16":{"start":{"line":40,"column":17},"end":{"line":45,"column":10}},"17":{"start":{"line":42,"column":12},"end":{"line":44,"column":13}},"18":{"start":{"line":43,"column":16},"end":{"line":43,"column":29}},"19":{"start":{"line":46,"column":8},"end":{"line":46,"column":22}},"20":{"start":{"line":47,"column":8},"end":{"line":47,"column":50}},"21":{"start":{"line":48,"column":8},"end":{"line":48,"column":23}},"22":{"start":{"line":52,"column":8},"end":{"line":68,"column":9}},"23":{"start":{"line":70,"column":2},"end":{"line":70,"column":26}},"24":{"start":{"line":73,"column":25},"end":{"line":73,"column":27}},"25":{"start":{"line":74,"column":7},"end":{"line":86,"column":8}},"26":{"start":{"line":75,"column":8},"end":{"line":82,"column":15}},"27":{"start":{"line":77,"column":16},"end":{"line":81,"column":19}},"28":{"start":{"line":85,"column":11},"end":{"line":85,"column":28}},"29":{"start":{"line":88,"column":8},"end":{"line":88,"column":29}},"30":{"start":{"line":92,"column":14},"end":{"line":190,"column":1}},"31":{"start":{"line":94,"column":17},"end":{"line":94,"column":19}},"32":{"start":{"line":95,"column":8},"end":{"line":101,"column":11}},"33":{"start":{"line":97,"column":12},"end":{"line":100,"column":15}},"34":{"start":{"line":102,"column":8},"end":{"line":102,"column":20}},"35":{"start":{"line":105,"column":8},"end":{"line":105,"column":14}},"36":{"start":{"line":106,"column":17},"end":{"line":111,"column":10}},"37":{"start":{"line":108,"column":12},"end":{"line":110,"column":13}},"38":{"start":{"line":109,"column":16},"end":{"line":109,"column":29}},"39":{"start":{"line":113,"column":8},"end":{"line":113,"column":22}},"40":{"start":{"line":114,"column":8},"end":{"line":114,"column":49}},"41":{"start":{"line":115,"column":8},"end":{"line":115,"column":32}},"42":{"start":{"line":117,"column":8},"end":{"line":117,"column":23}},"43":{"start":{"line":122,"column":8},"end":{"line":147,"column":9}},"44":{"start":{"line":148,"column":2},"end":{"line":148,"column":14}},"45":{"start":{"line":152,"column":28},"end":{"line":152,"column":30}},"46":{"start":{"line":153,"column":8},"end":{"line":175,"column":9}},"47":{"start":{"line":154,"column":9},"end":{"line":171,"column":16}},"48":{"start":{"line":156,"column":16},"end":{"line":170,"column":20}},"49":{"start":{"line":174,"column":12},"end":{"line":174,"column":29}},"50":{"start":{"line":177,"column":8},"end":{"line":177,"column":31}},"51":{"start":{"line":182,"column":8},"end":{"line":187,"column":9}},"52":{"start":{"line":183,"column":12},"end":{"line":183,"column":87}},"53":{"start":{"line":186,"column":12},"end":{"line":186,"column":29}},"54":{"start":{"line":188,"column":8},"end":{"line":188,"column":20}},"55":{"start":{"line":192,"column":0},"end":{"line":195,"column":2}}},"fnMap":{"0":{"name":"(anonymous_0)","decl":{"start":{"line":14,"column":11},"end":{"line":14,"column":12}},"loc":{"start":{"line":14,"column":17},"end":{"line":16,"column":5}},"line":14},"1":{"name":"(anonymous_1)","decl":{"start":{"line":17,"column":12},"end":{"line":17,"column":13}},"loc":{"start":{"line":17,"column":21},"end":{"line":19,"column":5}},"line":17},"2":{"name":"(anonymous_2)","decl":{"start":{"line":29,"column":4},"end":{"line":29,"column":5}},"loc":{"start":{"line":29,"column":20},"end":{"line":37,"column":5}},"line":29},"3":{"name":"(anonymous_3)","decl":{"start":{"line":38,"column":4},"end":{"line":38,"column":5}},"loc":{"start":{"line":38,"column":23},"end":{"line":49,"column":5}},"line":38},"4":{"name":"(anonymous_4)","decl":{"start":{"line":41,"column":17},"end":{"line":41,"column":18}},"loc":{"start":{"line":41,"column":27},"end":{"line":45,"column":9}},"line":41},"5":{"name":"(anonymous_5)","decl":{"start":{"line":50,"column":1},"end":{"line":50,"column":2}},"loc":{"start":{"line":50,"column":20},"end":{"line":71,"column":2}},"line":50},"6":{"name":"(anonymous_6)","decl":{"start":{"line":72,"column":4},"end":{"line":72,"column":5}},"loc":{"start":{"line":72,"column":16},"end":{"line":89,"column":5}},"line":72},"7":{"name":"(anonymous_7)","decl":{"start":{"line":76,"column":17},"end":{"line":76,"column":18}},"loc":{"start":{"line":76,"column":26},"end":{"line":82,"column":13}},"line":76},"8":{"name":"(anonymous_8)","decl":{"start":{"line":93,"column":4},"end":{"line":93,"column":5}},"loc":{"start":{"line":93,"column":20},"end":{"line":103,"column":5}},"line":93},"9":{"name":"(anonymous_9)","decl":{"start":{"line":96,"column":17},"end":{"line":96,"column":18}},"loc":{"start":{"line":96,"column":27},"end":{"line":101,"column":9}},"line":96},"10":{"name":"(anonymous_10)","decl":{"start":{"line":104,"column":4},"end":{"line":104,"column":5}},"loc":{"start":{"line":104,"column":23},"end":{"line":118,"column":5}},"line":104},"11":{"name":"(anonymous_11)","decl":{"start":{"line":107,"column":17},"end":{"line":107,"column":18}},"loc":{"start":{"line":107,"column":27},"end":{"line":111,"column":9}},"line":107},"12":{"name":"(anonymous_12)","decl":{"start":{"line":120,"column":4},"end":{"line":120,"column":5}},"loc":{"start":{"line":120,"column":23},"end":{"line":149,"column":2}},"line":120},"13":{"name":"(anonymous_13)","decl":{"start":{"line":151,"column":4},"end":{"line":151,"column":5}},"loc":{"start":{"line":151,"column":16},"end":{"line":178,"column":5}},"line":151},"14":{"name":"(anonymous_14)","decl":{"start":{"line":155,"column":18},"end":{"line":155,"column":19}},"loc":{"start":{"line":155,"column":27},"end":{"line":171,"column":14}},"line":155},"15":{"name":"(anonymous_15)","decl":{"start":{"line":180,"column":4},"end":{"line":180,"column":5}},"loc":{"start":{"line":180,"column":26},"end":{"line":189,"column":5}},"line":180}},"branchMap":{"0":{"loc":{"start":{"line":42,"column":12},"end":{"line":44,"column":13}},"type":"if","locations":[{"start":{"line":42,"column":12},"end":{"line":44,"column":13}},{"start":{"line":42,"column":12},"end":{"line":44,"column":13}}],"line":42},"1":{"loc":{"start":{"line":108,"column":12},"end":{"line":110,"column":13}},"type":"if","locations":[{"start":{"line":108,"column":12},"end":{"line":110,"column":13}},{"start":{"line":108,"column":12},"end":{"line":110,"column":13}}],"line":108}},"s":{"0":3,"1":3,"2":3,"3":3,"4":3,"5":3,"6":2,"7":0,"8":3,"9":3,"10":3,"11":0,"12":0,"13":0,"14":0,"15":1,"16":1,"17":10,"18":0,"19":1,"20":1,"21":1,"22":1,"23":1,"24":4,"25":4,"26":4,"27":10,"28":3,"29":4,"30":3,"31":1,"32":1,"33":2,"34":1,"35":1,"36":1,"37":7,"38":7,"39":1,"40":1,"41":1,"42":1,"43":1,"44":1,"45":2,"46":2,"47":2,"48":8,"49":1,"50":2,"51":0,"52":0,"53":0,"54":0,"55":3},"f":{"0":2,"1":0,"2":0,"3":1,"4":10,"5":1,"6":4,"7":10,"8":1,"9":2,"10":1,"11":7,"12":1,"13":2,"14":8,"15":0},"b":{"0":[0,10],"1":[7,0]},"_coverageSchema":"1a1c01bbd47fc00a2c39e90264f33305004495a9","hash":"8f969bb3519674b7e3f8759b800e93e835effa2b"}
,"C:\\Users\\Aresan\\Desktop\\ING_SOFT_2\\GestioneBar\\lib\\login.js": {"path":"C:\\Users\\Aresan\\Desktop\\ING_SOFT_2\\GestioneBar\\lib\\login.js","statementMap":{"0":{"start":{"line":1,"column":16},"end":{"line":1,"column":34}},"1":{"start":{"line":3,"column":9},"end":{"line":3,"column":27}},"2":{"start":{"line":4,"column":10},"end":{"line":4,"column":33}},"3":{"start":{"line":5,"column":13},"end":{"line":5,"column":29}},"4":{"start":{"line":7,"column":0},"end":{"line":67,"column":3}},"5":{"start":{"line":10,"column":4},"end":{"line":43,"column":5}},"6":{"start":{"line":11,"column":8},"end":{"line":11,"column":34}},"7":{"start":{"line":12,"column":8},"end":{"line":39,"column":11}},"8":{"start":{"line":13,"column":12},"end":{"line":15,"column":13}},"9":{"start":{"line":14,"column":16},"end":{"line":14,"column":54}},"10":{"start":{"line":18,"column":12},"end":{"line":38,"column":13}},"11":{"start":{"line":19,"column":16},"end":{"line":23,"column":17}},"12":{"start":{"line":25,"column":17},"end":{"line":38,"column":13}},"13":{"start":{"line":26,"column":16},"end":{"line":30,"column":17}},"14":{"start":{"line":32,"column":17},"end":{"line":38,"column":13}},"15":{"start":{"line":33,"column":16},"end":{"line":37,"column":17}},"16":{"start":{"line":42,"column":8},"end":{"line":42,"column":25}},"17":{"start":{"line":44,"column":16},"end":{"line":46,"column":5}},"18":{"start":{"line":47,"column":4},"end":{"line":66,"column":5}},"19":{"start":{"line":48,"column":8},"end":{"line":48,"column":57}},"20":{"start":{"line":51,"column":8},"end":{"line":65,"column":9}},"21":{"start":{"line":52,"column":12},"end":{"line":52,"column":69}},"22":{"start":{"line":54,"column":12},"end":{"line":61,"column":15}},"23":{"start":{"line":64,"column":12},"end":{"line":64,"column":29}},"24":{"start":{"line":69,"column":0},"end":{"line":69,"column":24}}},"fnMap":{"0":{"name":"(anonymous_0)","decl":{"start":{"line":7,"column":22},"end":{"line":7,"column":23}},"loc":{"start":{"line":7,"column":41},"end":{"line":67,"column":1}},"line":7},"1":{"name":"(anonymous_1)","decl":{"start":{"line":12,"column":25},"end":{"line":12,"column":26}},"loc":{"start":{"line":12,"column":36},"end":{"line":16,"column":9}},"line":12},"2":{"name":"(anonymous_2)","decl":{"start":{"line":17,"column":13},"end":{"line":17,"column":14}},"loc":{"start":{"line":17,"column":24},"end":{"line":39,"column":9}},"line":17}},"branchMap":{"0":{"loc":{"start":{"line":13,"column":12},"end":{"line":15,"column":13}},"type":"if","locations":[{"start":{"line":13,"column":12},"end":{"line":15,"column":13}},{"start":{"line":13,"column":12},"end":{"line":15,"column":13}}],"line":13},"1":{"loc":{"start":{"line":18,"column":12},"end":{"line":38,"column":13}},"type":"if","locations":[{"start":{"line":18,"column":12},"end":{"line":38,"column":13}},{"start":{"line":18,"column":12},"end":{"line":38,"column":13}}],"line":18},"2":{"loc":{"start":{"line":25,"column":17},"end":{"line":38,"column":13}},"type":"if","locations":[{"start":{"line":25,"column":17},"end":{"line":38,"column":13}},{"start":{"line":25,"column":17},"end":{"line":38,"column":13}}],"line":25},"3":{"loc":{"start":{"line":32,"column":17},"end":{"line":38,"column":13}},"type":"if","locations":[{"start":{"line":32,"column":17},"end":{"line":38,"column":13}},{"start":{"line":32,"column":17},"end":{"line":38,"column":13}}],"line":32},"4":{"loc":{"start":{"line":47,"column":4},"end":{"line":66,"column":5}},"type":"if","locations":[{"start":{"line":47,"column":4},"end":{"line":66,"column":5}},{"start":{"line":47,"column":4},"end":{"line":66,"column":5}}],"line":47}},"s":{"0":3,"1":3,"2":3,"3":3,"4":3,"5":1,"6":1,"7":1,"8":0,"9":0,"10":0,"11":0,"12":0,"13":0,"14":0,"15":0,"16":0,"17":1,"18":1,"19":1,"20":0,"21":0,"22":0,"23":0,"24":3},"f":{"0":1,"1":0,"2":0},"b":{"0":[0,0],"1":[0,0],"2":[0,0],"3":[0,0],"4":[1,0]},"_coverageSchema":"1a1c01bbd47fc00a2c39e90264f33305004495a9","hash":"fbe50120d82c40a6226373a32674b06cc886fc50"}
,"C:\\Users\\Aresan\\Desktop\\ING_SOFT_2\\GestioneBar\\lib\\tokenChecker.js": {"path":"C:\\Users\\Aresan\\Desktop\\ING_SOFT_2\\GestioneBar\\lib\\tokenChecker.js","statementMap":{"0":{"start":{"line":1,"column":10},"end":{"line":1,"column":33}},"1":{"start":{"line":3,"column":19},"end":{"line":35,"column":1}},"2":{"start":{"line":4,"column":4},"end":{"line":34,"column":5}},"3":{"start":{"line":5,"column":18},"end":{"line":5,"column":84}},"4":{"start":{"line":7,"column":8},"end":{"line":12,"column":9}},"5":{"start":{"line":8,"column":12},"end":{"line":11,"column":15}},"6":{"start":{"line":14,"column":8},"end":{"line":30,"column":11}},"7":{"start":{"line":15,"column":12},"end":{"line":29,"column":13}},"8":{"start":{"line":16,"column":16},"end":{"line":16,"column":39}},"9":{"start":{"line":17,"column":16},"end":{"line":17,"column":23}},"10":{"start":{"line":19,"column":16},"end":{"line":28,"column":17}},"11":{"start":{"line":20,"column":20},"end":{"line":23,"column":23}},"12":{"start":{"line":26,"column":20},"end":{"line":26,"column":43}},"13":{"start":{"line":27,"column":20},"end":{"line":27,"column":27}},"14":{"start":{"line":33,"column":8},"end":{"line":33,"column":25}},"15":{"start":{"line":37,"column":0},"end":{"line":37,"column":28}}},"fnMap":{"0":{"name":"(anonymous_0)","decl":{"start":{"line":3,"column":19},"end":{"line":3,"column":20}},"loc":{"start":{"line":3,"column":47},"end":{"line":35,"column":1}},"line":3},"1":{"name":"(anonymous_1)","decl":{"start":{"line":14,"column":51},"end":{"line":14,"column":52}},"loc":{"start":{"line":14,"column":72},"end":{"line":30,"column":9}},"line":14}},"branchMap":{"0":{"loc":{"start":{"line":5,"column":18},"end":{"line":5,"column":84}},"type":"binary-expr","locations":[{"start":{"line":5,"column":18},"end":{"line":5,"column":32}},{"start":{"line":5,"column":36},"end":{"line":5,"column":51}},{"start":{"line":5,"column":55},"end":{"line":5,"column":84}}],"line":5},"1":{"loc":{"start":{"line":7,"column":8},"end":{"line":12,"column":9}},"type":"if","locations":[{"start":{"line":7,"column":8},"end":{"line":12,"column":9}},{"start":{"line":7,"column":8},"end":{"line":12,"column":9}}],"line":7},"2":{"loc":{"start":{"line":15,"column":12},"end":{"line":29,"column":13}},"type":"if","locations":[{"start":{"line":15,"column":12},"end":{"line":29,"column":13}},{"start":{"line":15,"column":12},"end":{"line":29,"column":13}}],"line":15},"3":{"loc":{"start":{"line":19,"column":16},"end":{"line":28,"column":17}},"type":"if","locations":[{"start":{"line":19,"column":16},"end":{"line":28,"column":17}},{"start":{"line":19,"column":16},"end":{"line":28,"column":17}}],"line":19}},"s":{"0":3,"1":3,"2":10,"3":10,"4":10,"5":0,"6":10,"7":10,"8":10,"9":10,"10":0,"11":0,"12":0,"13":0,"14":0,"15":3},"f":{"0":10,"1":10},"b":{"0":[10,10,0],"1":[0,10],"2":[10,0],"3":[0,0]},"_coverageSchema":"1a1c01bbd47fc00a2c39e90264f33305004495a9","hash":"73fc03d3802736a66f6c47fc0eb20c25b72bcb6e"}
,"C:\\Users\\Aresan\\Desktop\\ING_SOFT_2\\GestioneBar\\lib\\users.js": {"path":"C:\\Users\\Aresan\\Desktop\\ING_SOFT_2\\GestioneBar\\lib\\users.js","statementMap":{"0":{"start":{"line":1,"column":14},"end":{"line":1,"column":32}},"1":{"start":{"line":2,"column":13},"end":{"line":2,"column":29}},"2":{"start":{"line":3,"column":9},"end":{"line":3,"column":27}},"3":{"start":{"line":6,"column":0},"end":{"line":23,"column":3}},"4":{"start":{"line":7,"column":15},"end":{"line":10,"column":5}},"5":{"start":{"line":11,"column":4},"end":{"line":14,"column":5}},"6":{"start":{"line":12,"column":8},"end":{"line":12,"column":103}},"7":{"start":{"line":13,"column":8},"end":{"line":13,"column":15}},"8":{"start":{"line":15,"column":17},"end":{"line":15,"column":44}},"9":{"start":{"line":16,"column":4},"end":{"line":22,"column":5}},"10":{"start":{"line":17,"column":8},"end":{"line":17,"column":69}},"11":{"start":{"line":18,"column":10},"end":{"line":22,"column":5}},"12":{"start":{"line":19,"column":8},"end":{"line":19,"column":69}},"13":{"start":{"line":20,"column":10},"end":{"line":22,"column":5}},"14":{"start":{"line":21,"column":8},"end":{"line":21,"column":71}},"15":{"start":{"line":25,"column":0},"end":{"line":43,"column":3}},"16":{"start":{"line":27,"column":4},"end":{"line":40,"column":5}},"17":{"start":{"line":28,"column":8},"end":{"line":28,"column":37}},"18":{"start":{"line":29,"column":8},"end":{"line":37,"column":11}},"19":{"start":{"line":30,"column":12},"end":{"line":30,"column":24}},"20":{"start":{"line":33,"column":12},"end":{"line":36,"column":14}},"21":{"start":{"line":39,"column":8},"end":{"line":39,"column":25}},"22":{"start":{"line":42,"column":4},"end":{"line":42,"column":32}},"23":{"start":{"line":45,"column":0},"end":{"line":69,"column":3}},"24":{"start":{"line":47,"column":4},"end":{"line":49,"column":5}},"25":{"start":{"line":48,"column":8},"end":{"line":48,"column":31}},"26":{"start":{"line":50,"column":4},"end":{"line":66,"column":5}},"27":{"start":{"line":51,"column":8},"end":{"line":51,"column":37}},"28":{"start":{"line":52,"column":8},"end":{"line":63,"column":11}},"29":{"start":{"line":53,"column":12},"end":{"line":55,"column":13}},"30":{"start":{"line":54,"column":16},"end":{"line":54,"column":51}},"31":{"start":{"line":56,"column":12},"end":{"line":56,"column":24}},"32":{"start":{"line":59,"column":12},"end":{"line":62,"column":14}},"33":{"start":{"line":65,"column":8},"end":{"line":65,"column":28}},"34":{"start":{"line":68,"column":4},"end":{"line":68,"column":32}},"35":{"start":{"line":71,"column":0},"end":{"line":88,"column":3}},"36":{"start":{"line":72,"column":15},"end":{"line":76,"column":5}},"37":{"start":{"line":78,"column":4},"end":{"line":80,"column":5}},"38":{"start":{"line":79,"column":8},"end":{"line":79,"column":31}},"39":{"start":{"line":81,"column":4},"end":{"line":81,"column":36}},"40":{"start":{"line":82,"column":4},"end":{"line":84,"column":5}},"41":{"start":{"line":83,"column":8},"end":{"line":83,"column":31}},"42":{"start":{"line":87,"column":4},"end":{"line":87,"column":27}},"43":{"start":{"line":90,"column":0},"end":{"line":102,"column":3}},"44":{"start":{"line":91,"column":14},"end":{"line":91,"column":15}},"45":{"start":{"line":92,"column":4},"end":{"line":94,"column":5}},"46":{"start":{"line":93,"column":8},"end":{"line":93,"column":31}},"47":{"start":{"line":95,"column":4},"end":{"line":95,"column":47}},"48":{"start":{"line":96,"column":4},"end":{"line":98,"column":5}},"49":{"start":{"line":97,"column":8},"end":{"line":97,"column":31}},"50":{"start":{"line":101,"column":4},"end":{"line":101,"column":27}},"51":{"start":{"line":104,"column":0},"end":{"line":104,"column":24}}},"fnMap":{"0":{"name":"(anonymous_0)","decl":{"start":{"line":6,"column":17},"end":{"line":6,"column":18}},"loc":{"start":{"line":6,"column":37},"end":{"line":23,"column":1}},"line":6},"1":{"name":"(anonymous_1)","decl":{"start":{"line":25,"column":16},"end":{"line":25,"column":17}},"loc":{"start":{"line":25,"column":35},"end":{"line":43,"column":1}},"line":25},"2":{"name":"(anonymous_2)","decl":{"start":{"line":29,"column":27},"end":{"line":29,"column":28}},"loc":{"start":{"line":29,"column":33},"end":{"line":31,"column":9}},"line":29},"3":{"name":"(anonymous_3)","decl":{"start":{"line":32,"column":13},"end":{"line":32,"column":14}},"loc":{"start":{"line":32,"column":24},"end":{"line":37,"column":9}},"line":32},"4":{"name":"(anonymous_4)","decl":{"start":{"line":45,"column":19},"end":{"line":45,"column":20}},"loc":{"start":{"line":45,"column":36},"end":{"line":69,"column":1}},"line":45},"5":{"name":"(anonymous_5)","decl":{"start":{"line":52,"column":27},"end":{"line":52,"column":28}},"loc":{"start":{"line":52,"column":40},"end":{"line":57,"column":9}},"line":52},"6":{"name":"(anonymous_6)","decl":{"start":{"line":58,"column":13},"end":{"line":58,"column":14}},"loc":{"start":{"line":58,"column":24},"end":{"line":63,"column":9}},"line":58},"7":{"name":"(anonymous_7)","decl":{"start":{"line":71,"column":19},"end":{"line":71,"column":20}},"loc":{"start":{"line":71,"column":36},"end":{"line":88,"column":1}},"line":71},"8":{"name":"(anonymous_8)","decl":{"start":{"line":90,"column":22},"end":{"line":90,"column":23}},"loc":{"start":{"line":90,"column":39},"end":{"line":102,"column":1}},"line":90}},"branchMap":{"0":{"loc":{"start":{"line":11,"column":4},"end":{"line":14,"column":5}},"type":"if","locations":[{"start":{"line":11,"column":4},"end":{"line":14,"column":5}},{"start":{"line":11,"column":4},"end":{"line":14,"column":5}}],"line":11},"1":{"loc":{"start":{"line":11,"column":8},"end":{"line":11,"column":146}},"type":"binary-expr","locations":[{"start":{"line":11,"column":8},"end":{"line":11,"column":19}},{"start":{"line":11,"column":23},"end":{"line":11,"column":52}},{"start":{"line":11,"column":56},"end":{"line":11,"column":146}}],"line":11},"2":{"loc":{"start":{"line":16,"column":4},"end":{"line":22,"column":5}},"type":"if","locations":[{"start":{"line":16,"column":4},"end":{"line":22,"column":5}},{"start":{"line":16,"column":4},"end":{"line":22,"column":5}}],"line":16},"3":{"loc":{"start":{"line":18,"column":10},"end":{"line":22,"column":5}},"type":"if","locations":[{"start":{"line":18,"column":10},"end":{"line":22,"column":5}},{"start":{"line":18,"column":10},"end":{"line":22,"column":5}}],"line":18},"4":{"loc":{"start":{"line":20,"column":10},"end":{"line":22,"column":5}},"type":"if","locations":[{"start":{"line":20,"column":10},"end":{"line":22,"column":5}},{"start":{"line":20,"column":10},"end":{"line":22,"column":5}}],"line":20},"5":{"loc":{"start":{"line":47,"column":4},"end":{"line":49,"column":5}},"type":"if","locations":[{"start":{"line":47,"column":4},"end":{"line":49,"column":5}},{"start":{"line":47,"column":4},"end":{"line":49,"column":5}}],"line":47},"6":{"loc":{"start":{"line":53,"column":12},"end":{"line":55,"column":13}},"type":"if","locations":[{"start":{"line":53,"column":12},"end":{"line":55,"column":13}},{"start":{"line":53,"column":12},"end":{"line":55,"column":13}}],"line":53},"7":{"loc":{"start":{"line":78,"column":4},"end":{"line":80,"column":5}},"type":"if","locations":[{"start":{"line":78,"column":4},"end":{"line":80,"column":5}},{"start":{"line":78,"column":4},"end":{"line":80,"column":5}}],"line":78},"8":{"loc":{"start":{"line":82,"column":4},"end":{"line":84,"column":5}},"type":"if","locations":[{"start":{"line":82,"column":4},"end":{"line":84,"column":5}},{"start":{"line":82,"column":4},"end":{"line":84,"column":5}}],"line":82},"9":{"loc":{"start":{"line":92,"column":4},"end":{"line":94,"column":5}},"type":"if","locations":[{"start":{"line":92,"column":4},"end":{"line":94,"column":5}},{"start":{"line":92,"column":4},"end":{"line":94,"column":5}}],"line":92},"10":{"loc":{"start":{"line":96,"column":4},"end":{"line":98,"column":5}},"type":"if","locations":[{"start":{"line":96,"column":4},"end":{"line":98,"column":5}},{"start":{"line":96,"column":4},"end":{"line":98,"column":5}}],"line":96}},"s":{"0":3,"1":3,"2":3,"3":3,"4":1,"5":1,"6":0,"7":0,"8":1,"9":1,"10":0,"11":1,"12":1,"13":0,"14":0,"15":3,"16":1,"17":1,"18":1,"19":0,"20":0,"21":0,"22":1,"23":3,"24":2,"25":0,"26":2,"27":2,"28":2,"29":10,"30":10,"31":0,"32":0,"33":0,"34":2,"35":3,"36":1,"37":1,"38":0,"39":1,"40":1,"41":0,"42":1,"43":3,"44":0,"45":0,"46":0,"47":0,"48":0,"49":0,"50":0,"51":3},"f":{"0":1,"1":1,"2":0,"3":0,"4":2,"5":10,"6":0,"7":1,"8":0},"b":{"0":[0,1],"1":[1,1,1],"2":[0,1],"3":[1,0],"4":[0,0],"5":[0,2],"6":[10,0],"7":[0,1],"8":[0,1],"9":[0,0],"10":[0,0]},"_coverageSchema":"1a1c01bbd47fc00a2c39e90264f33305004495a9","hash":"105142d37d13fb58506c93c887033453aa121a2d"}
}
