{"C:\\Users\\Alex\\Documents\\uni\\IngSoft2\\GestioneBar\\lib\\app.js": {"path":"C:\\Users\\Alex\\Documents\\uni\\IngSoft2\\GestioneBar\\lib\\app.js","statementMap":{"0":{"start":{"line":1,"column":16},"end":{"line":1,"column":34}},"1":{"start":{"line":2,"column":12},"end":{"line":2,"column":21}},"2":{"start":{"line":3,"column":9},"end":{"line":3,"column":27}},"3":{"start":{"line":5,"column":0},"end":{"line":5,"column":24}},"4":{"start":{"line":6,"column":0},"end":{"line":6,"column":30}},"5":{"start":{"line":9,"column":0},"end":{"line":9,"column":39}},"6":{"start":{"line":12,"column":16},"end":{"line":12,"column":39}},"7":{"start":{"line":13,"column":16},"end":{"line":13,"column":39}},"8":{"start":{"line":14,"column":18},"end":{"line":14,"column":43}},"9":{"start":{"line":15,"column":14},"end":{"line":15,"column":35}},"10":{"start":{"line":16,"column":18},"end":{"line":16,"column":45}},"11":{"start":{"line":19,"column":0},"end":{"line":19,"column":36}},"12":{"start":{"line":20,"column":0},"end":{"line":20,"column":36}},"13":{"start":{"line":21,"column":0},"end":{"line":21,"column":40}},"14":{"start":{"line":22,"column":0},"end":{"line":22,"column":32}},"15":{"start":{"line":23,"column":0},"end":{"line":23,"column":43}},"16":{"start":{"line":25,"column":0},"end":{"line":47,"column":3}},"17":{"start":{"line":27,"column":4},"end":{"line":44,"column":5}},"18":{"start":{"line":28,"column":8},"end":{"line":28,"column":37}},"19":{"start":{"line":29,"column":8},"end":{"line":40,"column":15}},"20":{"start":{"line":30,"column":12},"end":{"line":32,"column":13}},"21":{"start":{"line":31,"column":16},"end":{"line":31,"column":63}},"22":{"start":{"line":33,"column":12},"end":{"line":33,"column":24}},"23":{"start":{"line":36,"column":16},"end":{"line":39,"column":18}},"24":{"start":{"line":43,"column":8},"end":{"line":43,"column":25}},"25":{"start":{"line":46,"column":4},"end":{"line":46,"column":32}},"26":{"start":{"line":49,"column":0},"end":{"line":87,"column":3}},"27":{"start":{"line":51,"column":4},"end":{"line":84,"column":5}},"28":{"start":{"line":52,"column":8},"end":{"line":52,"column":34}},"29":{"start":{"line":53,"column":8},"end":{"line":80,"column":11}},"30":{"start":{"line":54,"column":12},"end":{"line":56,"column":13}},"31":{"start":{"line":55,"column":16},"end":{"line":55,"column":54}},"32":{"start":{"line":59,"column":12},"end":{"line":79,"column":13}},"33":{"start":{"line":60,"column":16},"end":{"line":64,"column":17}},"34":{"start":{"line":66,"column":17},"end":{"line":79,"column":13}},"35":{"start":{"line":67,"column":16},"end":{"line":71,"column":17}},"36":{"start":{"line":73,"column":17},"end":{"line":79,"column":13}},"37":{"start":{"line":74,"column":16},"end":{"line":78,"column":17}},"38":{"start":{"line":83,"column":8},"end":{"line":83,"column":25}},"39":{"start":{"line":86,"column":4},"end":{"line":86,"column":31}},"40":{"start":{"line":90,"column":0},"end":{"line":93,"column":3}},"41":{"start":{"line":91,"column":4},"end":{"line":91,"column":20}},"42":{"start":{"line":92,"column":4},"end":{"line":92,"column":37}},"43":{"start":{"line":95,"column":0},"end":{"line":95,"column":21}}},"fnMap":{"0":{"name":"(anonymous_0)","decl":{"start":{"line":25,"column":29},"end":{"line":25,"column":30}},"loc":{"start":{"line":25,"column":52},"end":{"line":47,"column":1}},"line":25},"1":{"name":"(anonymous_1)","decl":{"start":{"line":29,"column":27},"end":{"line":29,"column":28}},"loc":{"start":{"line":29,"column":40},"end":{"line":34,"column":9}},"line":29},"2":{"name":"(anonymous_2)","decl":{"start":{"line":35,"column":17},"end":{"line":35,"column":18}},"loc":{"start":{"line":35,"column":28},"end":{"line":40,"column":13}},"line":35},"3":{"name":"(anonymous_3)","decl":{"start":{"line":49,"column":19},"end":{"line":49,"column":20}},"loc":{"start":{"line":49,"column":42},"end":{"line":87,"column":1}},"line":49},"4":{"name":"(anonymous_4)","decl":{"start":{"line":53,"column":25},"end":{"line":53,"column":26}},"loc":{"start":{"line":53,"column":36},"end":{"line":57,"column":9}},"line":53},"5":{"name":"(anonymous_5)","decl":{"start":{"line":58,"column":13},"end":{"line":58,"column":14}},"loc":{"start":{"line":58,"column":24},"end":{"line":80,"column":9}},"line":58},"6":{"name":"(anonymous_6)","decl":{"start":{"line":90,"column":8},"end":{"line":90,"column":9}},"loc":{"start":{"line":90,"column":22},"end":{"line":93,"column":1}},"line":90}},"branchMap":{"0":{"loc":{"start":{"line":30,"column":12},"end":{"line":32,"column":13}},"type":"if","locations":[{"start":{"line":30,"column":12},"end":{"line":32,"column":13}},{"start":{"line":30,"column":12},"end":{"line":32,"column":13}}],"line":30},"1":{"loc":{"start":{"line":54,"column":12},"end":{"line":56,"column":13}},"type":"if","locations":[{"start":{"line":54,"column":12},"end":{"line":56,"column":13}},{"start":{"line":54,"column":12},"end":{"line":56,"column":13}}],"line":54},"2":{"loc":{"start":{"line":59,"column":12},"end":{"line":79,"column":13}},"type":"if","locations":[{"start":{"line":59,"column":12},"end":{"line":79,"column":13}},{"start":{"line":59,"column":12},"end":{"line":79,"column":13}}],"line":59},"3":{"loc":{"start":{"line":66,"column":17},"end":{"line":79,"column":13}},"type":"if","locations":[{"start":{"line":66,"column":17},"end":{"line":79,"column":13}},{"start":{"line":66,"column":17},"end":{"line":79,"column":13}}],"line":66},"4":{"loc":{"start":{"line":73,"column":17},"end":{"line":79,"column":13}},"type":"if","locations":[{"start":{"line":73,"column":17},"end":{"line":79,"column":13}},{"start":{"line":73,"column":17},"end":{"line":79,"column":13}}],"line":73}},"s":{"0":1,"1":1,"2":1,"3":1,"4":1,"5":1,"6":1,"7":1,"8":1,"9":1,"10":1,"11":1,"12":1,"13":1,"14":1,"15":1,"16":1,"17":0,"18":0,"19":0,"20":0,"21":0,"22":0,"23":0,"24":0,"25":0,"26":1,"27":0,"28":0,"29":0,"30":0,"31":0,"32":0,"33":0,"34":0,"35":0,"36":0,"37":0,"38":0,"39":0,"40":1,"41":0,"42":0,"43":1},"f":{"0":0,"1":0,"2":0,"3":0,"4":0,"5":0,"6":0},"b":{"0":[0,0],"1":[0,0],"2":[0,0],"3":[0,0],"4":[0,0]},"_coverageSchema":"1a1c01bbd47fc00a2c39e90264f33305004495a9","hash":"a7bdd547c9ed073ad03ad1f1e720fc598af44bf0"}
,"C:\\Users\\Alex\\Documents\\uni\\IngSoft2\\GestioneBar\\lib\\barista.js": {"path":"C:\\Users\\Alex\\Documents\\uni\\IngSoft2\\GestioneBar\\lib\\barista.js","statementMap":{"0":{"start":{"line":1,"column":14},"end":{"line":1,"column":32}},"1":{"start":{"line":2,"column":13},"end":{"line":2,"column":29}},"2":{"start":{"line":3,"column":9},"end":{"line":3,"column":27}},"3":{"start":{"line":6,"column":0},"end":{"line":6,"column":24}}},"fnMap":{},"branchMap":{},"s":{"0":1,"1":1,"2":1,"3":1},"f":{},"b":{},"_coverageSchema":"1a1c01bbd47fc00a2c39e90264f33305004495a9","hash":"ee27a88929c2939dd9aa708ba6cd2e187eebecca"}
,"C:\\Users\\Alex\\Documents\\uni\\IngSoft2\\GestioneBar\\lib\\birre.js": {"path":"C:\\Users\\Alex\\Documents\\uni\\IngSoft2\\GestioneBar\\lib\\birre.js","statementMap":{"0":{"start":{"line":1,"column":14},"end":{"line":1,"column":32}},"1":{"start":{"line":2,"column":13},"end":{"line":2,"column":29}},"2":{"start":{"line":3,"column":9},"end":{"line":3,"column":27}},"3":{"start":{"line":5,"column":0},"end":{"line":27,"column":3}},"4":{"start":{"line":7,"column":4},"end":{"line":24,"column":5}},"5":{"start":{"line":8,"column":8},"end":{"line":8,"column":34}},"6":{"start":{"line":9,"column":8},"end":{"line":20,"column":10}},"7":{"start":{"line":10,"column":12},"end":{"line":12,"column":13}},"8":{"start":{"line":11,"column":16},"end":{"line":11,"column":49}},"9":{"start":{"line":13,"column":12},"end":{"line":13,"column":24}},"10":{"start":{"line":16,"column":12},"end":{"line":19,"column":13}},"11":{"start":{"line":26,"column":4},"end":{"line":26,"column":31}},"12":{"start":{"line":29,"column":0},"end":{"line":39,"column":3}},"13":{"start":{"line":31,"column":4},"end":{"line":36,"column":5}},"14":{"start":{"line":32,"column":8},"end":{"line":32,"column":35}},"15":{"start":{"line":35,"column":8},"end":{"line":35,"column":25}},"16":{"start":{"line":38,"column":4},"end":{"line":38,"column":32}},"17":{"start":{"line":41,"column":0},"end":{"line":48,"column":3}},"18":{"start":{"line":42,"column":15},"end":{"line":44,"column":5}},"19":{"start":{"line":46,"column":17},"end":{"line":46,"column":44}},"20":{"start":{"line":47,"column":4},"end":{"line":47,"column":63}},"21":{"start":{"line":50,"column":0},"end":{"line":57,"column":3}},"22":{"start":{"line":51,"column":15},"end":{"line":54,"column":5}},"23":{"start":{"line":55,"column":4},"end":{"line":55,"column":32}},"24":{"start":{"line":56,"column":4},"end":{"line":56,"column":27}},"25":{"start":{"line":59,"column":0},"end":{"line":62,"column":2}},"26":{"start":{"line":60,"column":4},"end":{"line":60,"column":41}},"27":{"start":{"line":61,"column":4},"end":{"line":61,"column":27}},"28":{"start":{"line":64,"column":0},"end":{"line":64,"column":24}}},"fnMap":{"0":{"name":"(anonymous_0)","decl":{"start":{"line":5,"column":19},"end":{"line":5,"column":20}},"loc":{"start":{"line":5,"column":39},"end":{"line":27,"column":1}},"line":5},"1":{"name":"(anonymous_1)","decl":{"start":{"line":9,"column":25},"end":{"line":9,"column":26}},"loc":{"start":{"line":9,"column":36},"end":{"line":14,"column":9}},"line":9},"2":{"name":"(anonymous_2)","decl":{"start":{"line":15,"column":13},"end":{"line":15,"column":14}},"loc":{"start":{"line":15,"column":22},"end":{"line":20,"column":9}},"line":15},"3":{"name":"(anonymous_3)","decl":{"start":{"line":29,"column":15},"end":{"line":29,"column":16}},"loc":{"start":{"line":29,"column":35},"end":{"line":39,"column":1}},"line":29},"4":{"name":"(anonymous_4)","decl":{"start":{"line":41,"column":16},"end":{"line":41,"column":17}},"loc":{"start":{"line":41,"column":36},"end":{"line":48,"column":1}},"line":41},"5":{"name":"(anonymous_5)","decl":{"start":{"line":50,"column":15},"end":{"line":50,"column":16}},"loc":{"start":{"line":50,"column":32},"end":{"line":57,"column":1}},"line":50},"6":{"name":"(anonymous_6)","decl":{"start":{"line":59,"column":22},"end":{"line":59,"column":23}},"loc":{"start":{"line":59,"column":38},"end":{"line":62,"column":1}},"line":59}},"branchMap":{"0":{"loc":{"start":{"line":10,"column":12},"end":{"line":12,"column":13}},"type":"if","locations":[{"start":{"line":10,"column":12},"end":{"line":12,"column":13}},{"start":{"line":10,"column":12},"end":{"line":12,"column":13}}],"line":10}},"s":{"0":1,"1":1,"2":1,"3":1,"4":0,"5":0,"6":0,"7":0,"8":0,"9":0,"10":0,"11":0,"12":1,"13":0,"14":0,"15":0,"16":0,"17":1,"18":0,"19":0,"20":0,"21":1,"22":0,"23":0,"24":0,"25":1,"26":0,"27":0,"28":1},"f":{"0":0,"1":0,"2":0,"3":0,"4":0,"5":0,"6":0},"b":{"0":[0,0]},"_coverageSchema":"1a1c01bbd47fc00a2c39e90264f33305004495a9","hash":"4fe12f73e56f0426bc752d26fe8ee97171d89aa8"}
,"C:\\Users\\Alex\\Documents\\uni\\IngSoft2\\GestioneBar\\lib\\cameriere.js": {"path":"C:\\Users\\Alex\\Documents\\uni\\IngSoft2\\GestioneBar\\lib\\cameriere.js","statementMap":{"0":{"start":{"line":1,"column":14},"end":{"line":1,"column":32}},"1":{"start":{"line":2,"column":13},"end":{"line":2,"column":29}},"2":{"start":{"line":3,"column":9},"end":{"line":3,"column":27}},"3":{"start":{"line":6,"column":0},"end":{"line":6,"column":24}}},"fnMap":{},"branchMap":{},"s":{"0":1,"1":1,"2":1,"3":1},"f":{},"b":{},"_coverageSchema":"1a1c01bbd47fc00a2c39e90264f33305004495a9","hash":"04184fb8406880f3fb90b31621db10b29bdcc180"}
,"C:\\Users\\Alex\\Documents\\uni\\IngSoft2\\GestioneBar\\lib\\db.js": {"path":"C:\\Users\\Alex\\Documents\\uni\\IngSoft2\\GestioneBar\\lib\\db.js","statementMap":{"0":{"start":{"line":2,"column":17},"end":{"line":2,"column":39}},"1":{"start":{"line":3,"column":15},"end":{"line":3,"column":33}},"2":{"start":{"line":4,"column":17},"end":{"line":4,"column":36}},"3":{"start":{"line":6,"column":12},"end":{"line":6,"column":120}},"4":{"start":{"line":8,"column":23},"end":{"line":12,"column":1}},"5":{"start":{"line":13,"column":0},"end":{"line":19,"column":6}},"6":{"start":{"line":15,"column":8},"end":{"line":15,"column":45}},"7":{"start":{"line":18,"column":8},"end":{"line":18,"column":68}},"8":{"start":{"line":21,"column":11},"end":{"line":21,"column":30}},"9":{"start":{"line":24,"column":16},"end":{"line":26,"column":1}},"10":{"start":{"line":28,"column":14},"end":{"line":90,"column":1}},"11":{"start":{"line":31,"column":8},"end":{"line":35,"column":9}},"12":{"start":{"line":32,"column":12},"end":{"line":32,"column":85}},"13":{"start":{"line":34,"column":12},"end":{"line":34,"column":29}},"14":{"start":{"line":36,"column":8},"end":{"line":36,"column":32}},"15":{"start":{"line":39,"column":8},"end":{"line":39,"column":14}},"16":{"start":{"line":40,"column":17},"end":{"line":45,"column":10}},"17":{"start":{"line":42,"column":12},"end":{"line":44,"column":13}},"18":{"start":{"line":43,"column":16},"end":{"line":43,"column":29}},"19":{"start":{"line":46,"column":8},"end":{"line":46,"column":22}},"20":{"start":{"line":47,"column":8},"end":{"line":47,"column":50}},"21":{"start":{"line":48,"column":8},"end":{"line":48,"column":23}},"22":{"start":{"line":52,"column":8},"end":{"line":68,"column":9}},"23":{"start":{"line":70,"column":2},"end":{"line":70,"column":26}},"24":{"start":{"line":73,"column":25},"end":{"line":73,"column":27}},"25":{"start":{"line":74,"column":7},"end":{"line":86,"column":8}},"26":{"start":{"line":75,"column":8},"end":{"line":82,"column":15}},"27":{"start":{"line":77,"column":16},"end":{"line":81,"column":19}},"28":{"start":{"line":85,"column":11},"end":{"line":85,"column":28}},"29":{"start":{"line":88,"column":8},"end":{"line":88,"column":29}},"30":{"start":{"line":92,"column":14},"end":{"line":155,"column":1}},"31":{"start":{"line":94,"column":8},"end":{"line":94,"column":14}},"32":{"start":{"line":95,"column":17},"end":{"line":100,"column":10}},"33":{"start":{"line":97,"column":12},"end":{"line":99,"column":13}},"34":{"start":{"line":98,"column":16},"end":{"line":98,"column":29}},"35":{"start":{"line":102,"column":8},"end":{"line":102,"column":22}},"36":{"start":{"line":103,"column":8},"end":{"line":103,"column":49}},"37":{"start":{"line":104,"column":8},"end":{"line":104,"column":32}},"38":{"start":{"line":106,"column":8},"end":{"line":106,"column":23}},"39":{"start":{"line":110,"column":8},"end":{"line":124,"column":9}},"40":{"start":{"line":125,"column":2},"end":{"line":125,"column":17}},"41":{"start":{"line":129,"column":28},"end":{"line":129,"column":30}},"42":{"start":{"line":130,"column":8},"end":{"line":141,"column":9}},"43":{"start":{"line":131,"column":9},"end":{"line":137,"column":16}},"44":{"start":{"line":133,"column":16},"end":{"line":136,"column":20}},"45":{"start":{"line":140,"column":12},"end":{"line":140,"column":29}},"46":{"start":{"line":143,"column":8},"end":{"line":143,"column":31}},"47":{"start":{"line":147,"column":8},"end":{"line":152,"column":9}},"48":{"start":{"line":148,"column":12},"end":{"line":148,"column":80}},"49":{"start":{"line":151,"column":12},"end":{"line":151,"column":29}},"50":{"start":{"line":153,"column":8},"end":{"line":153,"column":24}},"51":{"start":{"line":157,"column":13},"end":{"line":227,"column":1}},"52":{"start":{"line":159,"column":8},"end":{"line":159,"column":14}},"53":{"start":{"line":160,"column":17},"end":{"line":165,"column":10}},"54":{"start":{"line":162,"column":12},"end":{"line":164,"column":13}},"55":{"start":{"line":163,"column":16},"end":{"line":163,"column":29}},"56":{"start":{"line":167,"column":8},"end":{"line":167,"column":23}},"57":{"start":{"line":168,"column":8},"end":{"line":168,"column":29}},"58":{"start":{"line":169,"column":8},"end":{"line":169,"column":56}},"59":{"start":{"line":171,"column":8},"end":{"line":171,"column":24}},"60":{"start":{"line":175,"column":28},"end":{"line":175,"column":30}},"61":{"start":{"line":176,"column":8},"end":{"line":191,"column":9}},"62":{"start":{"line":177,"column":12},"end":{"line":187,"column":15}},"63":{"start":{"line":179,"column":16},"end":{"line":186,"column":17}},"64":{"start":{"line":180,"column":20},"end":{"line":185,"column":23}},"65":{"start":{"line":190,"column":12},"end":{"line":190,"column":29}},"66":{"start":{"line":193,"column":8},"end":{"line":193,"column":31}},"67":{"start":{"line":197,"column":8},"end":{"line":202,"column":9}},"68":{"start":{"line":198,"column":12},"end":{"line":198,"column":86}},"69":{"start":{"line":201,"column":12},"end":{"line":201,"column":29}},"70":{"start":{"line":203,"column":8},"end":{"line":203,"column":24}},"71":{"start":{"line":207,"column":8},"end":{"line":224,"column":9}},"72":{"start":{"line":225,"column":2},"end":{"line":225,"column":18}},"73":{"start":{"line":229,"column":0},"end":{"line":233,"column":2}}},"fnMap":{"0":{"name":"(anonymous_0)","decl":{"start":{"line":14,"column":11},"end":{"line":14,"column":12}},"loc":{"start":{"line":14,"column":17},"end":{"line":16,"column":5}},"line":14},"1":{"name":"(anonymous_1)","decl":{"start":{"line":17,"column":12},"end":{"line":17,"column":13}},"loc":{"start":{"line":17,"column":21},"end":{"line":19,"column":5}},"line":17},"2":{"name":"(anonymous_2)","decl":{"start":{"line":29,"column":4},"end":{"line":29,"column":5}},"loc":{"start":{"line":29,"column":20},"end":{"line":37,"column":5}},"line":29},"3":{"name":"(anonymous_3)","decl":{"start":{"line":38,"column":4},"end":{"line":38,"column":5}},"loc":{"start":{"line":38,"column":23},"end":{"line":49,"column":5}},"line":38},"4":{"name":"(anonymous_4)","decl":{"start":{"line":41,"column":17},"end":{"line":41,"column":18}},"loc":{"start":{"line":41,"column":27},"end":{"line":45,"column":9}},"line":41},"5":{"name":"(anonymous_5)","decl":{"start":{"line":50,"column":1},"end":{"line":50,"column":2}},"loc":{"start":{"line":50,"column":20},"end":{"line":71,"column":2}},"line":50},"6":{"name":"(anonymous_6)","decl":{"start":{"line":72,"column":4},"end":{"line":72,"column":5}},"loc":{"start":{"line":72,"column":16},"end":{"line":89,"column":5}},"line":72},"7":{"name":"(anonymous_7)","decl":{"start":{"line":76,"column":17},"end":{"line":76,"column":18}},"loc":{"start":{"line":76,"column":26},"end":{"line":82,"column":13}},"line":76},"8":{"name":"(anonymous_8)","decl":{"start":{"line":93,"column":4},"end":{"line":93,"column":5}},"loc":{"start":{"line":93,"column":23},"end":{"line":107,"column":5}},"line":93},"9":{"name":"(anonymous_9)","decl":{"start":{"line":96,"column":17},"end":{"line":96,"column":18}},"loc":{"start":{"line":96,"column":27},"end":{"line":100,"column":9}},"line":96},"10":{"name":"(anonymous_10)","decl":{"start":{"line":109,"column":4},"end":{"line":109,"column":5}},"loc":{"start":{"line":109,"column":23},"end":{"line":126,"column":2}},"line":109},"11":{"name":"(anonymous_11)","decl":{"start":{"line":128,"column":4},"end":{"line":128,"column":5}},"loc":{"start":{"line":128,"column":16},"end":{"line":144,"column":5}},"line":128},"12":{"name":"(anonymous_12)","decl":{"start":{"line":132,"column":18},"end":{"line":132,"column":19}},"loc":{"start":{"line":132,"column":27},"end":{"line":137,"column":14}},"line":132},"13":{"name":"(anonymous_13)","decl":{"start":{"line":146,"column":4},"end":{"line":146,"column":5}},"loc":{"start":{"line":146,"column":26},"end":{"line":154,"column":5}},"line":146},"14":{"name":"(anonymous_14)","decl":{"start":{"line":158,"column":4},"end":{"line":158,"column":5}},"loc":{"start":{"line":158,"column":24},"end":{"line":172,"column":5}},"line":158},"15":{"name":"(anonymous_15)","decl":{"start":{"line":161,"column":17},"end":{"line":161,"column":18}},"loc":{"start":{"line":161,"column":27},"end":{"line":165,"column":9}},"line":161},"16":{"name":"(anonymous_16)","decl":{"start":{"line":174,"column":4},"end":{"line":174,"column":5}},"loc":{"start":{"line":174,"column":15},"end":{"line":194,"column":5}},"line":174},"17":{"name":"(anonymous_17)","decl":{"start":{"line":178,"column":21},"end":{"line":178,"column":22}},"loc":{"start":{"line":178,"column":30},"end":{"line":187,"column":13}},"line":178},"18":{"name":"(anonymous_18)","decl":{"start":{"line":196,"column":4},"end":{"line":196,"column":5}},"loc":{"start":{"line":196,"column":26},"end":{"line":204,"column":5}},"line":196},"19":{"name":"(anonymous_19)","decl":{"start":{"line":206,"column":4},"end":{"line":206,"column":5}},"loc":{"start":{"line":206,"column":24},"end":{"line":226,"column":2}},"line":206}},"branchMap":{"0":{"loc":{"start":{"line":42,"column":12},"end":{"line":44,"column":13}},"type":"if","locations":[{"start":{"line":42,"column":12},"end":{"line":44,"column":13}},{"start":{"line":42,"column":12},"end":{"line":44,"column":13}}],"line":42},"1":{"loc":{"start":{"line":97,"column":12},"end":{"line":99,"column":13}},"type":"if","locations":[{"start":{"line":97,"column":12},"end":{"line":99,"column":13}},{"start":{"line":97,"column":12},"end":{"line":99,"column":13}}],"line":97},"2":{"loc":{"start":{"line":162,"column":12},"end":{"line":164,"column":13}},"type":"if","locations":[{"start":{"line":162,"column":12},"end":{"line":164,"column":13}},{"start":{"line":162,"column":12},"end":{"line":164,"column":13}}],"line":162},"3":{"loc":{"start":{"line":179,"column":16},"end":{"line":186,"column":17}},"type":"if","locations":[{"start":{"line":179,"column":16},"end":{"line":186,"column":17}},{"start":{"line":179,"column":16},"end":{"line":186,"column":17}}],"line":179}},"s":{"0":1,"1":1,"2":1,"3":1,"4":1,"5":1,"6":1,"7":0,"8":1,"9":1,"10":1,"11":0,"12":0,"13":0,"14":0,"15":0,"16":0,"17":0,"18":0,"19":0,"20":0,"21":0,"22":0,"23":0,"24":0,"25":0,"26":0,"27":0,"28":0,"29":0,"30":1,"31":0,"32":0,"33":0,"34":0,"35":0,"36":0,"37":0,"38":0,"39":0,"40":0,"41":0,"42":0,"43":0,"44":0,"45":0,"46":0,"47":0,"48":0,"49":0,"50":0,"51":1,"52":1,"53":1,"54":14,"55":14,"56":1,"57":1,"58":1,"59":1,"60":1,"61":1,"62":1,"63":0,"64":0,"65":1,"66":1,"67":1,"68":1,"69":0,"70":1,"71":1,"72":1,"73":1},"f":{"0":1,"1":0,"2":0,"3":0,"4":0,"5":0,"6":0,"7":0,"8":0,"9":0,"10":0,"11":0,"12":0,"13":0,"14":1,"15":14,"16":1,"17":0,"18":1,"19":1},"b":{"0":[0,0],"1":[0,0],"2":[14,0],"3":[0,0]},"_coverageSchema":"1a1c01bbd47fc00a2c39e90264f33305004495a9","hash":"dbe518318b61cc1fa6ba682e63fe6dcd4a76d0f2"}
,"C:\\Users\\Alex\\Documents\\uni\\IngSoft2\\GestioneBar\\lib\\manager.js": {"path":"C:\\Users\\Alex\\Documents\\uni\\IngSoft2\\GestioneBar\\lib\\manager.js","statementMap":{"0":{"start":{"line":1,"column":14},"end":{"line":1,"column":32}},"1":{"start":{"line":2,"column":20},"end":{"line":2,"column":35}},"2":{"start":{"line":3,"column":16},"end":{"line":3,"column":41}},"3":{"start":{"line":4,"column":13},"end":{"line":4,"column":29}},"4":{"start":{"line":5,"column":9},"end":{"line":5,"column":27}},"5":{"start":{"line":8,"column":0},"end":{"line":28,"column":3}},"6":{"start":{"line":9,"column":15},"end":{"line":12,"column":5}},"7":{"start":{"line":17,"column":17},"end":{"line":17,"column":44}},"8":{"start":{"line":18,"column":4},"end":{"line":26,"column":5}},"9":{"start":{"line":19,"column":8},"end":{"line":19,"column":69}},"10":{"start":{"line":20,"column":10},"end":{"line":26,"column":5}},"11":{"start":{"line":21,"column":8},"end":{"line":21,"column":69}},"12":{"start":{"line":22,"column":10},"end":{"line":26,"column":5}},"13":{"start":{"line":23,"column":8},"end":{"line":23,"column":71}},"14":{"start":{"line":25,"column":8},"end":{"line":25,"column":31}},"15":{"start":{"line":30,"column":0},"end":{"line":48,"column":3}},"16":{"start":{"line":32,"column":4},"end":{"line":45,"column":5}},"17":{"start":{"line":33,"column":8},"end":{"line":33,"column":37}},"18":{"start":{"line":34,"column":8},"end":{"line":42,"column":11}},"19":{"start":{"line":35,"column":12},"end":{"line":35,"column":24}},"20":{"start":{"line":38,"column":12},"end":{"line":41,"column":14}},"21":{"start":{"line":44,"column":8},"end":{"line":44,"column":25}},"22":{"start":{"line":47,"column":4},"end":{"line":47,"column":32}},"23":{"start":{"line":50,"column":0},"end":{"line":74,"column":3}},"24":{"start":{"line":52,"column":4},"end":{"line":54,"column":5}},"25":{"start":{"line":53,"column":8},"end":{"line":53,"column":31}},"26":{"start":{"line":55,"column":4},"end":{"line":71,"column":5}},"27":{"start":{"line":56,"column":8},"end":{"line":56,"column":37}},"28":{"start":{"line":57,"column":8},"end":{"line":68,"column":11}},"29":{"start":{"line":58,"column":12},"end":{"line":60,"column":13}},"30":{"start":{"line":59,"column":16},"end":{"line":59,"column":51}},"31":{"start":{"line":61,"column":12},"end":{"line":61,"column":24}},"32":{"start":{"line":64,"column":12},"end":{"line":67,"column":14}},"33":{"start":{"line":70,"column":8},"end":{"line":70,"column":28}},"34":{"start":{"line":73,"column":4},"end":{"line":73,"column":32}},"35":{"start":{"line":76,"column":0},"end":{"line":93,"column":3}},"36":{"start":{"line":77,"column":15},"end":{"line":81,"column":5}},"37":{"start":{"line":83,"column":4},"end":{"line":85,"column":5}},"38":{"start":{"line":84,"column":8},"end":{"line":84,"column":31}},"39":{"start":{"line":86,"column":4},"end":{"line":86,"column":36}},"40":{"start":{"line":87,"column":4},"end":{"line":89,"column":5}},"41":{"start":{"line":88,"column":8},"end":{"line":88,"column":31}},"42":{"start":{"line":92,"column":4},"end":{"line":92,"column":27}},"43":{"start":{"line":95,"column":0},"end":{"line":107,"column":3}},"44":{"start":{"line":96,"column":14},"end":{"line":96,"column":15}},"45":{"start":{"line":97,"column":4},"end":{"line":99,"column":5}},"46":{"start":{"line":98,"column":8},"end":{"line":98,"column":31}},"47":{"start":{"line":100,"column":4},"end":{"line":100,"column":47}},"48":{"start":{"line":101,"column":4},"end":{"line":103,"column":5}},"49":{"start":{"line":102,"column":8},"end":{"line":102,"column":31}},"50":{"start":{"line":106,"column":4},"end":{"line":106,"column":27}},"51":{"start":{"line":109,"column":0},"end":{"line":109,"column":24}}},"fnMap":{"0":{"name":"(anonymous_0)","decl":{"start":{"line":8,"column":22},"end":{"line":8,"column":23}},"loc":{"start":{"line":8,"column":42},"end":{"line":28,"column":1}},"line":8},"1":{"name":"(anonymous_1)","decl":{"start":{"line":30,"column":21},"end":{"line":30,"column":22}},"loc":{"start":{"line":30,"column":40},"end":{"line":48,"column":1}},"line":30},"2":{"name":"(anonymous_2)","decl":{"start":{"line":34,"column":27},"end":{"line":34,"column":28}},"loc":{"start":{"line":34,"column":33},"end":{"line":36,"column":9}},"line":34},"3":{"name":"(anonymous_3)","decl":{"start":{"line":37,"column":13},"end":{"line":37,"column":14}},"loc":{"start":{"line":37,"column":24},"end":{"line":42,"column":9}},"line":37},"4":{"name":"(anonymous_4)","decl":{"start":{"line":50,"column":25},"end":{"line":50,"column":26}},"loc":{"start":{"line":50,"column":42},"end":{"line":74,"column":1}},"line":50},"5":{"name":"(anonymous_5)","decl":{"start":{"line":57,"column":27},"end":{"line":57,"column":28}},"loc":{"start":{"line":57,"column":40},"end":{"line":62,"column":9}},"line":57},"6":{"name":"(anonymous_6)","decl":{"start":{"line":63,"column":13},"end":{"line":63,"column":14}},"loc":{"start":{"line":63,"column":24},"end":{"line":68,"column":9}},"line":63},"7":{"name":"(anonymous_7)","decl":{"start":{"line":76,"column":25},"end":{"line":76,"column":26}},"loc":{"start":{"line":76,"column":42},"end":{"line":93,"column":1}},"line":76},"8":{"name":"(anonymous_8)","decl":{"start":{"line":95,"column":28},"end":{"line":95,"column":29}},"loc":{"start":{"line":95,"column":45},"end":{"line":107,"column":1}},"line":95}},"branchMap":{"0":{"loc":{"start":{"line":18,"column":4},"end":{"line":26,"column":5}},"type":"if","locations":[{"start":{"line":18,"column":4},"end":{"line":26,"column":5}},{"start":{"line":18,"column":4},"end":{"line":26,"column":5}}],"line":18},"1":{"loc":{"start":{"line":20,"column":10},"end":{"line":26,"column":5}},"type":"if","locations":[{"start":{"line":20,"column":10},"end":{"line":26,"column":5}},{"start":{"line":20,"column":10},"end":{"line":26,"column":5}}],"line":20},"2":{"loc":{"start":{"line":22,"column":10},"end":{"line":26,"column":5}},"type":"if","locations":[{"start":{"line":22,"column":10},"end":{"line":26,"column":5}},{"start":{"line":22,"column":10},"end":{"line":26,"column":5}}],"line":22},"3":{"loc":{"start":{"line":52,"column":4},"end":{"line":54,"column":5}},"type":"if","locations":[{"start":{"line":52,"column":4},"end":{"line":54,"column":5}},{"start":{"line":52,"column":4},"end":{"line":54,"column":5}}],"line":52},"4":{"loc":{"start":{"line":58,"column":12},"end":{"line":60,"column":13}},"type":"if","locations":[{"start":{"line":58,"column":12},"end":{"line":60,"column":13}},{"start":{"line":58,"column":12},"end":{"line":60,"column":13}}],"line":58},"5":{"loc":{"start":{"line":83,"column":4},"end":{"line":85,"column":5}},"type":"if","locations":[{"start":{"line":83,"column":4},"end":{"line":85,"column":5}},{"start":{"line":83,"column":4},"end":{"line":85,"column":5}}],"line":83},"6":{"loc":{"start":{"line":87,"column":4},"end":{"line":89,"column":5}},"type":"if","locations":[{"start":{"line":87,"column":4},"end":{"line":89,"column":5}},{"start":{"line":87,"column":4},"end":{"line":89,"column":5}}],"line":87},"7":{"loc":{"start":{"line":97,"column":4},"end":{"line":99,"column":5}},"type":"if","locations":[{"start":{"line":97,"column":4},"end":{"line":99,"column":5}},{"start":{"line":97,"column":4},"end":{"line":99,"column":5}}],"line":97},"8":{"loc":{"start":{"line":101,"column":4},"end":{"line":103,"column":5}},"type":"if","locations":[{"start":{"line":101,"column":4},"end":{"line":103,"column":5}},{"start":{"line":101,"column":4},"end":{"line":103,"column":5}}],"line":101}},"s":{"0":1,"1":1,"2":1,"3":1,"4":1,"5":1,"6":0,"7":0,"8":0,"9":0,"10":0,"11":0,"12":0,"13":0,"14":0,"15":1,"16":0,"17":0,"18":0,"19":0,"20":0,"21":0,"22":0,"23":1,"24":0,"25":0,"26":0,"27":0,"28":0,"29":0,"30":0,"31":0,"32":0,"33":0,"34":0,"35":1,"36":0,"37":0,"38":0,"39":0,"40":0,"41":0,"42":0,"43":1,"44":0,"45":0,"46":0,"47":0,"48":0,"49":0,"50":0,"51":1},"f":{"0":0,"1":0,"2":0,"3":0,"4":0,"5":0,"6":0,"7":0,"8":0},"b":{"0":[0,0],"1":[0,0],"2":[0,0],"3":[0,0],"4":[0,0],"5":[0,0],"6":[0,0],"7":[0,0],"8":[0,0]},"_coverageSchema":"1a1c01bbd47fc00a2c39e90264f33305004495a9","hash":"44ad860084e8ea32fbc02970263ba6c680754fd8"}
,"C:\\Users\\Alex\\Documents\\uni\\IngSoft2\\GestioneBar\\lib\\ordinazioni.js": {"path":"C:\\Users\\Alex\\Documents\\uni\\IngSoft2\\GestioneBar\\lib\\ordinazioni.js","statementMap":{"0":{"start":{"line":1,"column":14},"end":{"line":1,"column":32}},"1":{"start":{"line":2,"column":13},"end":{"line":2,"column":29}},"2":{"start":{"line":3,"column":9},"end":{"line":3,"column":27}},"3":{"start":{"line":5,"column":0},"end":{"line":14,"column":3}},"4":{"start":{"line":6,"column":14},"end":{"line":10,"column":5}},"5":{"start":{"line":12,"column":18},"end":{"line":12,"column":47}},"6":{"start":{"line":13,"column":4},"end":{"line":13,"column":70}},"7":{"start":{"line":16,"column":0},"end":{"line":26,"column":3}},"8":{"start":{"line":18,"column":4},"end":{"line":23,"column":5}},"9":{"start":{"line":19,"column":8},"end":{"line":19,"column":37}},"10":{"start":{"line":22,"column":8},"end":{"line":22,"column":25}},"11":{"start":{"line":25,"column":4},"end":{"line":25,"column":33}},"12":{"start":{"line":28,"column":0},"end":{"line":42,"column":3}},"13":{"start":{"line":29,"column":10},"end":{"line":29,"column":15}},"14":{"start":{"line":30,"column":4},"end":{"line":32,"column":5}},"15":{"start":{"line":31,"column":8},"end":{"line":31,"column":15}},"16":{"start":{"line":33,"column":16},"end":{"line":39,"column":5}},"17":{"start":{"line":40,"column":4},"end":{"line":40,"column":34}},"18":{"start":{"line":41,"column":4},"end":{"line":41,"column":27}},"19":{"start":{"line":44,"column":0},"end":{"line":47,"column":3}},"20":{"start":{"line":45,"column":4},"end":{"line":45,"column":42}},"21":{"start":{"line":46,"column":4},"end":{"line":46,"column":27}},"22":{"start":{"line":49,"column":0},"end":{"line":49,"column":24}}},"fnMap":{"0":{"name":"(anonymous_0)","decl":{"start":{"line":5,"column":16},"end":{"line":5,"column":17}},"loc":{"start":{"line":5,"column":33},"end":{"line":14,"column":1}},"line":5},"1":{"name":"(anonymous_1)","decl":{"start":{"line":16,"column":15},"end":{"line":16,"column":16}},"loc":{"start":{"line":16,"column":32},"end":{"line":26,"column":1}},"line":16},"2":{"name":"(anonymous_2)","decl":{"start":{"line":28,"column":15},"end":{"line":28,"column":16}},"loc":{"start":{"line":28,"column":32},"end":{"line":42,"column":1}},"line":28},"3":{"name":"(anonymous_3)","decl":{"start":{"line":44,"column":22},"end":{"line":44,"column":23}},"loc":{"start":{"line":44,"column":39},"end":{"line":47,"column":1}},"line":44}},"branchMap":{"0":{"loc":{"start":{"line":30,"column":4},"end":{"line":32,"column":5}},"type":"if","locations":[{"start":{"line":30,"column":4},"end":{"line":32,"column":5}},{"start":{"line":30,"column":4},"end":{"line":32,"column":5}}],"line":30}},"s":{"0":1,"1":1,"2":1,"3":1,"4":1,"5":1,"6":1,"7":1,"8":1,"9":1,"10":0,"11":1,"12":1,"13":1,"14":1,"15":0,"16":1,"17":1,"18":1,"19":1,"20":1,"21":1,"22":1},"f":{"0":1,"1":1,"2":1,"3":1},"b":{"0":[0,1]},"_coverageSchema":"1a1c01bbd47fc00a2c39e90264f33305004495a9","hash":"0df18d270fe9ea115ca0a4953dd58ba1f9de8049"}
}
