TN:
SF:lib\app.js
FN:21,(anonymous_0)
FN:25,(anonymous_1)
FN:31,(anonymous_2)
FN:45,(anonymous_3)
FN:49,(anonymous_4)
FN:54,(anonymous_5)
FN:86,(anonymous_6)
FNF:7
FNH:0
FNDA:0,(anonymous_0)
FNDA:0,(anonymous_1)
FNDA:0,(anonymous_2)
FNDA:0,(anonymous_3)
FNDA:0,(anonymous_4)
FNDA:0,(anonymous_5)
FNDA:0,(anonymous_6)
DA:1,1
DA:2,1
DA:3,1
DA:5,1
DA:6,1
DA:9,1
DA:12,1
DA:13,1
DA:14,1
DA:17,1
DA:18,1
DA:19,1
DA:21,1
DA:23,0
DA:24,0
DA:25,0
DA:26,0
DA:27,0
DA:29,0
DA:32,0
DA:39,0
DA:42,0
DA:45,1
DA:47,0
DA:48,0
DA:49,0
DA:50,0
DA:51,0
DA:55,0
DA:56,0
DA:62,0
DA:63,0
DA:69,0
DA:70,0
DA:79,0
DA:82,0
DA:86,1
DA:87,0
DA:88,0
DA:91,1
LF:40
LH:16
BRDA:26,0,0,0
BRDA:26,0,1,0
BRDA:50,1,0,0
BRDA:50,1,1,0
BRDA:55,2,0,0
BRDA:55,2,1,0
BRDA:62,3,0,0
BRDA:62,3,1,0
BRDA:69,4,0,0
BRDA:69,4,1,0
BRF:10
BRH:0
end_of_record
TN:
SF:lib\barista.js
FNF:0
FNH:0
DA:1,1
DA:2,1
DA:3,1
DA:6,1
LF:4
LH:4
BRF:0
BRH:0
end_of_record
TN:
SF:lib\cameriere.js
FNF:0
FNH:0
DA:1,1
DA:2,1
DA:3,1
DA:6,1
LF:4
LH:4
BRF:0
BRH:0
end_of_record
TN:
SF:lib\db.js
FN:14,(anonymous_0)
FN:17,(anonymous_1)
FN:29,(anonymous_2)
FN:38,(anonymous_3)
FN:41,(anonymous_4)
FN:50,(anonymous_5)
FN:72,(anonymous_6)
FN:76,(anonymous_7)
FNF:8
FNH:6
FNDA:1,(anonymous_0)
FNDA:0,(anonymous_1)
FNDA:0,(anonymous_2)
FNDA:1,(anonymous_3)
FNDA:6,(anonymous_4)
FNDA:1,(anonymous_5)
FNDA:3,(anonymous_6)
FNDA:7,(anonymous_7)
DA:2,1
DA:3,1
DA:4,1
DA:6,1
DA:8,1
DA:13,1
DA:15,1
DA:18,0
DA:21,1
DA:24,1
DA:28,1
DA:31,0
DA:32,0
DA:34,0
DA:36,0
DA:39,1
DA:40,1
DA:42,6
DA:43,6
DA:46,1
DA:47,1
DA:48,1
DA:52,1
DA:70,1
DA:73,3
DA:74,3
DA:75,3
DA:77,7
DA:85,2
DA:88,3
DA:92,1
LF:31
LH:26
BRDA:42,0,0,6
BRDA:42,0,1,0
BRF:2
BRH:1
end_of_record
TN:
SF:lib\manager.js
FN:8,(anonymous_0)
FN:30,(anonymous_1)
FN:34,(anonymous_2)
FN:37,(anonymous_3)
FN:50,(anonymous_4)
FN:57,(anonymous_5)
FN:63,(anonymous_6)
FN:76,(anonymous_7)
FN:95,(anonymous_8)
FNF:9
FNH:6
FNDA:1,(anonymous_0)
FNDA:1,(anonymous_1)
FNDA:0,(anonymous_2)
FNDA:0,(anonymous_3)
FNDA:2,(anonymous_4)
FNDA:7,(anonymous_5)
FNDA:1,(anonymous_6)
FNDA:1,(anonymous_7)
FNDA:0,(anonymous_8)
DA:1,1
DA:2,1
DA:3,1
DA:4,1
DA:5,1
DA:8,1
DA:9,1
DA:17,1
DA:18,1
DA:19,0
DA:20,1
DA:21,1
DA:22,0
DA:23,0
DA:25,0
DA:30,1
DA:32,1
DA:33,1
DA:34,1
DA:35,0
DA:38,0
DA:44,0
DA:47,1
DA:50,1
DA:52,2
DA:53,0
DA:55,2
DA:56,2
DA:57,2
DA:58,7
DA:59,7
DA:61,0
DA:64,1
DA:70,0
DA:73,2
DA:76,1
DA:77,1
DA:83,1
DA:84,0
DA:86,1
DA:87,1
DA:88,0
DA:92,1
DA:95,1
DA:96,0
DA:97,0
DA:98,0
DA:100,0
DA:101,0
DA:102,0
DA:106,0
DA:109,1
LF:52
LH:33
BRDA:18,0,0,0
BRDA:18,0,1,1
BRDA:20,1,0,1
BRDA:20,1,1,0
BRDA:22,2,0,0
BRDA:22,2,1,0
BRDA:52,3,0,0
BRDA:52,3,1,2
BRDA:58,4,0,7
BRDA:58,4,1,0
BRDA:83,5,0,0
BRDA:83,5,1,1
BRDA:87,6,0,0
BRDA:87,6,1,1
BRDA:97,7,0,0
BRDA:97,7,1,0
BRDA:101,8,0,0
BRDA:101,8,1,0
BRF:18
BRH:6
end_of_record
